<?xml version="1.0" encoding="UTF-8"?>
<!-- Generated by org.testng.reporters.JUnitReportReporter -->
<testsuite hostname="Lenovo" failures="0" tests="2" name="Tests.TestCase" time="37.905" errors="0" timestamp="2020-04-17T18:36:41 IST" skipped="0">
  <testcase classname="Tests.TestCase" name="test_UserRegister" time="16.633"/>
  <system-out/>
  <testcase classname="Tests.TestCase" name="test_FlightsBooking" time="21.272"/>
  <system-out/>
</testsuite> <!-- Tests.TestCase -->
